May 13, 2022, 3:44:17 PM	2b515c01-0458-4780-ac0e-b521f69894c9	GET	http://localhost:3000	/posts				[]
May 13, 2022, 3:44:23 PM	012d2477-8241-4cee-b335-7a610cc5b5a5	OPTIONS	http://localhost:3000	/login				[]
May 13, 2022, 3:44:23 PM	93967581-f38b-42bf-a659-263a0a7edf6d	POST	http://localhost:3000	/login				[]
May 13, 2022, 3:44:26 PM	111cb127-d7ce-4e3a-82de-f2bf2adfbb71	POST	http://localhost:3000	/login				[]
May 13, 2022, 3:44:28 PM	51cde158-ca16-4c82-b5c7-26a7c3b1c28e	POST	http://localhost:3000	/login				[]
May 13, 2022, 3:44:28 PM	88a1fecb-3135-4dae-9a5e-bcc0e30337e7	GET	http://localhost:3000	/posts				[]
May 13, 2022, 3:44:37 PM	8a4c874d-44ba-42a5-904d-759f8adb44e1	GET	http://localhost:3000	/posts/627dbdd65558cd6413c05206				[]
May 13, 2022, 3:44:39 PM	713e1346-537e-467b-9584-8ac8e82f2cb3	GET	http://localhost:3000	/posts				[]
May 13, 2022, 3:44:40 PM	65b5fcfd-83a4-471b-bf0c-9c1e887c6f3b	GET	http://localhost:3000	/posts/627dcedd5558cd6413c05281				[]
May 13, 2022, 3:44:41 PM	29b21138-e6ab-431c-be1e-eccdf9e88973	OPTIONS	http://localhost:3000	/posts/627dcedd5558cd6413c05281				[]
May 13, 2022, 3:44:42 PM	7358c1d6-f181-4bee-af4c-90450a62b94b	DELETE	http://localhost:3000	/posts/627dcedd5558cd6413c05281				[]
May 13, 2022, 3:44:42 PM	45b73343-8279-4263-83f0-8bc8a92b19c0	OPTIONS	http://localhost:3000	/refresh				[]
May 13, 2022, 3:44:42 PM	60370d8b-bdbd-42d6-b308-352e58bc182f	GET	http://localhost:3000	/refresh				[]
May 13, 2022, 3:44:42 PM	9e10d09c-56a7-4e44-b909-c310b2dbfe76	DELETE	http://localhost:3000	/posts/627dcedd5558cd6413c05281				[]
May 13, 2022, 3:44:42 PM	09090245-abc1-41cc-86fc-f9710b6f2c21	GET	http://localhost:3000	/posts				[]
May 13, 2022, 3:44:43 PM	d16b4bdf-0205-4aa4-a3e8-3598f0be36e7	GET	http://localhost:3000	/posts/627dd2585558cd6413c0531d				[]
May 13, 2022, 3:44:44 PM	44dd157c-ee7b-4524-85e5-2e38f7108dfd	OPTIONS	http://localhost:3000	/posts/627dd2585558cd6413c0531d				[]
May 13, 2022, 3:44:44 PM	d89f24b0-d861-4368-b624-500b680eb172	DELETE	http://localhost:3000	/posts/627dd2585558cd6413c0531d				[]
May 13, 2022, 3:44:44 PM	105693f1-a876-49fd-bf7b-a34375ddb8b6	GET	http://localhost:3000	/posts				[]
May 13, 2022, 3:44:45 PM	8515b408-042d-4e9d-b5de-a5b6659c605c	GET	http://localhost:3000	/posts/627dbe945558cd6413c05225				[]
May 13, 2022, 3:44:46 PM	7031dc22-5e7c-4d8e-9caf-79b3ffcd898b	OPTIONS	http://localhost:3000	/posts/627dbe945558cd6413c05225				[]
May 13, 2022, 3:44:46 PM	25481376-0e2e-441f-8b77-73f599a16a70	DELETE	http://localhost:3000	/posts/627dbe945558cd6413c05225				[]
May 13, 2022, 3:44:46 PM	f5b0bbca-3fc0-4cc8-87b2-e049dc356494	GET	http://localhost:3000	/posts				[]
May 13, 2022, 3:44:47 PM	be388660-25d4-4919-9463-9107859b0991	GET	http://localhost:3000	/posts/627dbdd65558cd6413c05206				[]
May 13, 2022, 3:44:51 PM	b913143a-a008-408a-9450-f151379c2a95	OPTIONS	http://localhost:3000	/logout				[]
May 13, 2022, 3:44:51 PM	ae14ad57-397c-4365-9b73-7c9c0cfd2dce	GET	http://localhost:3000	/logout				[]
May 13, 2022, 3:44:51 PM	f1ccfc36-0b7c-482a-bb95-1c0f5731b4f8	GET	http://localhost:3000	/posts				[]
May 13, 2022, 3:45:02 PM	53dc3950-cc94-4a26-ac55-6f84bc9ee347	OPTIONS	http://localhost:3000	/login				[]
May 13, 2022, 3:45:02 PM	3aff8a75-1625-472a-b569-7c486a1b38f2	POST	http://localhost:3000	/login				[]
May 13, 2022, 3:45:02 PM	9fad3ace-d885-447d-a40c-ac88f0e5ed21	GET	http://localhost:3000	/posts				[]
May 13, 2022, 3:45:04 PM	2864609b-c735-456a-80f7-0c96f6724076	GET	http://localhost:3000	/posts/627dbdd65558cd6413c05206				[]
May 13, 2022, 3:45:05 PM	e492fa16-22d6-4517-b769-727890244150	OPTIONS	http://localhost:3000	/posts/627dbdd65558cd6413c05206				[]
May 13, 2022, 3:45:05 PM	e6a1d680-68f1-405c-868b-edaf790dfdb0	DELETE	http://localhost:3000	/posts/627dbdd65558cd6413c05206				[]
May 13, 2022, 3:45:05 PM	2fd22639-2d53-44fe-b44b-fda336a8e7d0	GET	http://localhost:3000	/posts				[]
May 13, 2022, 3:45:34 PM	6d2107ad-7f10-4af5-8f11-f2f50d690545	OPTIONS	http://localhost:3000	/posts				[]
May 13, 2022, 3:45:34 PM	7e304330-74c8-43eb-85b6-bd96fc2faf90	POST	http://localhost:3000	/posts				[]
May 13, 2022, 3:45:34 PM	196960f5-a8eb-4157-ac85-0b1ad2de6b34	OPTIONS	http://localhost:3000	/refresh				[]
May 13, 2022, 3:45:34 PM	c313e0bf-6a09-4d44-9759-54c2869560a0	GET	http://localhost:3000	/refresh				[]
May 13, 2022, 3:45:34 PM	61439711-4b59-46cf-bab2-ea6ff06fc340	POST	http://localhost:3000	/posts				[]
May 13, 2022, 3:45:34 PM	ffa1afb7-5675-436f-bcde-37a8b24319e1	GET	http://localhost:3000	/posts				[]
May 13, 2022, 3:45:47 PM	d8cad33b-be1f-4a7a-93ba-17820c14953a	OPTIONS	http://localhost:3000	/posts				[]
May 13, 2022, 3:45:47 PM	c755b0c3-6d2a-46e2-a4cb-8c848f66e09d	POST	http://localhost:3000	/posts				[]
May 13, 2022, 3:45:47 PM	8e297001-2083-44df-ba74-aa408934440d	OPTIONS	http://localhost:3000	/refresh				[]
May 13, 2022, 3:45:47 PM	c8776c23-6038-48b1-a969-23ccda26935e	GET	http://localhost:3000	/refresh				[]
May 13, 2022, 3:45:48 PM	d6a80d6c-f7bb-41ee-a3bc-b26d8cad5311	POST	http://localhost:3000	/posts				[]
May 13, 2022, 3:45:48 PM	a490a9b3-b694-414b-952c-3f4f6c14a7d7	GET	http://localhost:3000	/posts				[]
May 13, 2022, 3:45:52 PM	72c953f7-d323-44fa-8f55-efd3c901d241	OPTIONS	http://localhost:3000	/logout				[]
May 13, 2022, 3:45:52 PM	c7448c53-a0f0-4574-afbf-71adb9a4f76f	GET	http://localhost:3000	/logout				[]
May 13, 2022, 3:45:53 PM	f042ca7b-9033-413a-a80b-e42198c35f79	GET	http://localhost:3000	/posts				[]
May 13, 2022, 3:45:58 PM	967f84b5-ddd7-4e0d-8f93-3bc2f3a68285	OPTIONS	http://localhost:3000	/login				[]
May 13, 2022, 3:45:58 PM	2d49e3cc-189d-4c35-a186-a43496af4881	POST	http://localhost:3000	/login				[]
May 13, 2022, 3:46:00 PM	c278a582-d14f-4322-bded-21989350d1e6	POST	http://localhost:3000	/login				[]
May 13, 2022, 3:46:00 PM	2878172a-eb97-456f-b87e-df0137ce0602	GET	http://localhost:3000	/posts				[]
May 13, 2022, 3:46:18 PM	5b147b9b-9251-4d71-809a-efa8914bdce5	OPTIONS	http://localhost:3000	/posts				[]
May 13, 2022, 3:46:18 PM	7721ae62-f941-412d-8d59-f45ea061ffa4	POST	http://localhost:3000	/posts				[]
May 13, 2022, 3:46:18 PM	ceb59266-a16f-4c3a-8d1b-7feab7aab889	OPTIONS	http://localhost:3000	/refresh				[]
May 13, 2022, 3:46:18 PM	16f53e05-d049-44a4-865e-68ae96b8fe37	GET	http://localhost:3000	/refresh				[]
May 13, 2022, 3:46:18 PM	af9cc9bf-ea7d-4570-8f98-e1128e2c75bd	POST	http://localhost:3000	/posts				[]
May 13, 2022, 3:46:18 PM	b947bff3-6b9b-4304-85de-bbdc4a113925	GET	http://localhost:3000	/posts				[]
May 13, 2022, 3:46:30 PM	729a6835-a0d6-4c78-8ebf-12400754b533	GET	http://localhost:3000	/posts/627edfba93ba4481d361bf00				[]
May 13, 2022, 3:46:32 PM	85197c19-e30e-476b-a749-b5a0863905fa	GET	http://localhost:3000	/posts				[]
May 13, 2022, 3:46:39 PM	44c810c5-b488-4839-9598-ee1a6737c5cb	GET	http://localhost:3000	/posts/627edfba93ba4481d361bf00				[]
May 13, 2022, 3:46:46 PM	35950ce8-444a-426e-b0f7-7e505ab08dd2	OPTIONS	http://localhost:3000	/posts/627edfba93ba4481d361bf00				[]
May 13, 2022, 3:46:46 PM	ba74439d-c9fb-4993-a4fc-df6b8fa1a2e5	PUT	http://localhost:3000	/posts/627edfba93ba4481d361bf00				[]
May 13, 2022, 3:46:46 PM	081fcf52-d8b9-4d84-84b0-504702eb61d1	OPTIONS	http://localhost:3000	/refresh				[]
May 13, 2022, 3:46:46 PM	26b52fc0-f584-4eb3-8c62-f196fa5f7c3f	GET	http://localhost:3000	/refresh				[]
May 13, 2022, 3:46:46 PM	79029414-380d-4da0-894a-33efe371a990	PUT	http://localhost:3000	/posts/627edfba93ba4481d361bf00				[]
May 13, 2022, 3:46:46 PM	161b29d1-6305-4b1f-90b2-c12013adf148	GET	http://localhost:3000	/posts/627edfba93ba4481d361bf00				[]
May 13, 2022, 3:46:48 PM	625861a8-68c1-4c49-b74c-64e7b86c7b5a	GET	http://localhost:3000	/posts				[]
May 13, 2022, 3:46:54 PM	e1ce4032-2d33-4c16-b921-cfbd710abc98	GET	http://localhost:3000	/users/624231eb8f04a64714824a5b				[]
May 13, 2022, 3:46:57 PM	26322a49-e999-4af5-b972-bb7daab34f35	GET	http://localhost:3000	/posts				[]
May 13, 2022, 3:48:39 PM	aea5077d-5ee2-4dd8-b674-6ecc972753d1	GET	http://localhost:3000	/posts/627edfba93ba4481d361bf00				[]
May 13, 2022, 3:48:41 PM	3dd569ef-73f4-4b02-8d7f-6aee3daea47d	GET	http://localhost:3000	/posts				[]
May 13, 2022, 3:48:41 PM	f9fcdad8-cd37-422b-8445-af76e0cdc325	GET	http://localhost:3000	/posts/627edf8e93ba4481d361beed				[]
May 13, 2022, 3:49:29 PM	8c63e506-a1a2-411b-9750-4a2700d3158a	GET	http://localhost:3000	/users/623fdcef69b97b131914a511				[]
May 13, 2022, 3:51:50 PM	474d2dd6-ad54-4dcd-92f3-fec2014cbbf9	OPTIONS	http://localhost:3000	/logout				[]
May 13, 2022, 3:51:50 PM	b039ccfe-fcbe-4dbf-99bc-c6dba15c7970	GET	http://localhost:3000	/logout				[]
May 13, 2022, 3:51:50 PM	fa6a989e-f8ee-4e08-b8d5-b9e248b410dc	GET	http://localhost:3000	/posts				[]
